# JRE version: Java(TM) SE Runtime Environment (18.0.2+9) (build 18.0.2+9-61)
# Java VM: Java HotSpot(TM) 64-Bit Server VM (18.0.2+9-61, mixed mode, sharing, tiered, compressed oops, compressed class ptrs, g1 gc, windows-amd64)
GC Precious Log:
 CardTable entry size: 512
 Card Set container configuration: InlinePtr #cards 5 size 8 Array Of Cards #cards 12 size 40 Howl #buckets 4 coarsen threshold 1843 Howl Bitmap #cards 512 size 80 coarsen threshold 460 Card regions per heap region 1 cards per card region 2048
 CPUs: 8 total, 8 available
 Memory: 7103M
 Large Page Support: Disabled
 NUMA Support: Disabled
 Compressed Oops: Enabled (32-bit)
 Heap Region Size: 1M
 Heap Min Capacity: 8M
 Heap Initial Capacity: 112M
 Heap Max Capacity: 1776M
 Pre-touch: Disabled
 Parallel Workers: 8
 Concurrent Workers: 2
 Concurrent Refinement Workers: 8
 Periodic GC: Disabled
Heap:
 garbage-first heap   total 58368K, used 32765K [0x0000000091000000, 0x0000000100000000)
  region size 1024K, 13 young (13312K), 1 survivors (1024K)
 Metaspace       used 45232K, committed 45824K, reserved 1114112K
  class space    used 5946K, committed 6272K, reserved 1048576K
GC Heap History (20 events):
Event: 1.988 GC heap before
{Heap before GC invocations=0 (full 0):
 garbage-first heap   total 114688K, used 24576K [0x0000000091000000, 0x0000000100000000)
  region size 1024K, 23 young (23552K), 0 survivors (0K)
 Metaspace       used 5102K, committed 5312K, reserved 1114112K
  class space    used 575K, committed 704K, reserved 1048576K
}
Event: 2.001 GC heap after
{Heap after GC invocations=1 (full 0):
 garbage-first heap   total 114688K, used 7691K [0x0000000091000000, 0x0000000100000000)
  region size 1024K, 3 young (3072K), 3 survivors (3072K)
 Metaspace       used 5102K, committed 5312K, reserved 1114112K
  class space    used 575K, committed 704K, reserved 1048576K
}
Event: 4.053 GC heap before
{Heap before GC invocations=1 (full 0):
 garbage-first heap   total 114688K, used 35339K [0x0000000091000000, 0x0000000100000000)
  region size 1024K, 31 young (31744K), 3 survivors (3072K)
 Metaspace       used 12485K, committed 12800K, reserved 1114112K
  class space    used 1586K, committed 1728K, reserved 1048576K
}
Event: 4.063 GC heap after
{Heap after GC invocations=2 (full 0):
 garbage-first heap   total 114688K, used 10211K [0x0000000091000000, 0x0000000100000000)
  region size 1024K, 3 young (3072K), 3 survivors (3072K)
 Metaspace       used 12485K, committed 12800K, reserved 1114112K
  class space    used 1586K, committed 1728K, reserved 1048576K
}
Event: 6.254 GC heap before
{Heap before GC invocations=2 (full 0):
 garbage-first heap   total 114688K, used 55267K [0x0000000091000000, 0x0000000100000000)
  region size 1024K, 49 young (50176K), 3 survivors (3072K)
 Metaspace       used 21155K, committed 21504K, reserved 1114112K
  class space    used 2638K, committed 2816K, reserved 1048576K
}
Event: 6.264 GC heap after
{Heap after GC invocations=3 (full 0):
 garbage-first heap   total 114688K, used 14151K [0x0000000091000000, 0x0000000100000000)
  region size 1024K, 7 young (7168K), 7 survivors (7168K)
 Metaspace       used 21155K, committed 21504K, reserved 1114112K
  class space    used 2638K, committed 2816K, reserved 1048576K
}
Event: 8.151 GC heap before
{Heap before GC invocations=4 (full 0):
 garbage-first heap   total 58368K, used 41799K [0x0000000091000000, 0x0000000100000000)
  region size 1024K, 34 young (34816K), 7 survivors (7168K)
 Metaspace       used 25357K, committed 25792K, reserved 1114112K
  class space    used 3209K, committed 3392K, reserved 1048576K
}
Event: 8.162 GC heap after
{Heap after GC invocations=5 (full 0):
 garbage-first heap   total 58368K, used 16401K [0x0000000091000000, 0x0000000100000000)
  region size 1024K, 3 young (3072K), 3 survivors (3072K)
 Metaspace       used 25357K, committed 25792K, reserved 1114112K
  class space    used 3209K, committed 3392K, reserved 1048576K
}
Event: 8.252 GC heap before
{Heap before GC invocations=5 (full 0):
 garbage-first heap   total 58368K, used 17425K [0x0000000091000000, 0x0000000100000000)
  region size 1024K, 4 young (4096K), 3 survivors (3072K)
 Metaspace       used 25442K, committed 25856K, reserved 1114112K
  class space    used 3222K, committed 3392K, reserved 1048576K
}
Event: 8.259 GC heap after
{Heap after GC invocations=6 (full 0):
 garbage-first heap   total 58368K, used 17050K [0x0000000091000000, 0x0000000100000000)
  region size 1024K, 1 young (1024K), 1 survivors (1024K)
 Metaspace       used 25442K, committed 25856K, reserved 1114112K
  class space    used 3222K, committed 3392K, reserved 1048576K
}
Event: 9.959 GC heap before
{Heap before GC invocations=6 (full 0):
 garbage-first heap   total 58368K, used 39578K [0x0000000091000000, 0x0000000100000000)
  region size 1024K, 24 young (24576K), 1 survivors (1024K)
 Metaspace       used 29697K, committed 30080K, reserved 1114112K
  class space    used 3838K, committed 4032K, reserved 1048576K
}
Event: 9.965 GC heap after
{Heap after GC invocations=7 (full 0):
 garbage-first heap   total 58368K, used 18813K [0x0000000091000000, 0x0000000100000000)
  region size 1024K, 3 young (3072K), 3 survivors (3072K)
 Metaspace       used 29697K, committed 30080K, reserved 1114112K
  class space    used 3838K, committed 4032K, reserved 1048576K
}
Event: 11.728 GC heap before
{Heap before GC invocations=7 (full 0):
 garbage-first heap   total 58368K, used 40317K [0x0000000091000000, 0x0000000100000000)
  region size 1024K, 25 young (25600K), 3 survivors (3072K)
 Metaspace       used 33943K, committed 34432K, reserved 1114112K
  class space    used 4316K, committed 4544K, reserved 1048576K
}
Event: 11.737 GC heap after
{Heap after GC invocations=8 (full 0):
 garbage-first heap   total 58368K, used 20860K [0x0000000091000000, 0x0000000100000000)
  region size 1024K, 3 young (3072K), 3 survivors (3072K)
 Metaspace       used 33943K, committed 34432K, reserved 1114112K
  class space    used 4316K, committed 4544K, reserved 1048576K
}
Event: 12.191 GC heap before
{Heap before GC invocations=8 (full 0):
 garbage-first heap   total 58368K, used 27004K [0x0000000091000000, 0x0000000100000000)
  region size 1024K, 10 young (10240K), 3 survivors (3072K)
 Metaspace       used 35693K, committed 36160K, reserved 1114112K
  class space    used 4569K, committed 4800K, reserved 1048576K
}
Event: 12.196 GC heap after
{Heap after GC invocations=9 (full 0):
 garbage-first heap   total 58368K, used 21460K [0x0000000091000000, 0x0000000100000000)
  region size 1024K, 1 young (1024K), 1 survivors (1024K)
 Metaspace       used 35693K, committed 36160K, reserved 1114112K
  class space    used 4569K, committed 4800K, reserved 1048576K
}
Event: 14.258 GC heap before
{Heap before GC invocations=10 (full 0):
 garbage-first heap   total 58368K, used 42964K [0x0000000091000000, 0x0000000100000000)
  region size 1024K, 22 young (22528K), 1 survivors (1024K)
 Metaspace       used 41856K, committed 42368K, reserved 1114112K
  class space    used 5522K, committed 5760K, reserved 1048576K
}
Event: 14.262 GC heap after
{Heap after GC invocations=11 (full 0):
 garbage-first heap   total 58368K, used 22700K [0x0000000091000000, 0x0000000100000000)
  region size 1024K, 2 young (2048K), 2 survivors (2048K)
 Metaspace       used 41856K, committed 42368K, reserved 1114112K
  class space    used 5522K, committed 5760K, reserved 1048576K
}
Event: 14.310 GC heap before
{Heap before GC invocations=11 (full 0):
 garbage-first heap   total 58368K, used 23724K [0x0000000091000000, 0x0000000100000000)
  region size 1024K, 3 young (3072K), 2 survivors (2048K)
 Metaspace       used 42045K, committed 42560K, reserved 1114112K
  class space    used 5539K, committed 5760K, reserved 1048576K
}
Event: 14.314 GC heap after
{Heap after GC invocations=12 (full 0):
 garbage-first heap   total 58368K, used 22525K [0x0000000091000000, 0x0000000100000000)
  region size 1024K, 1 young (1024K), 1 survivors (1024K)
 Metaspace       used 42045K, committed 42560K, reserved 1114112K
  class space    used 5539K, committed 5760K, reserved 1048576K
}

