# JRE version: Java(TM) SE Runtime Environment (18.0.2+9) (build 18.0.2+9-61)
# Java VM: Java HotSpot(TM) 64-Bit Server VM (18.0.2+9-61, mixed mode, sharing, tiered, compressed oops, compressed class ptrs, g1 gc, windows-amd64)
GC Precious Log:
 CardTable entry size: 512
 Card Set container configuration: InlinePtr #cards 5 size 8 Array Of Cards #cards 12 size 40 Howl #buckets 4 coarsen threshold 1843 Howl Bitmap #cards 512 size 80 coarsen threshold 460 Card regions per heap region 1 cards per card region 2048
 CPUs: 8 total, 8 available
 Memory: 7103M
 Large Page Support: Disabled
 NUMA Support: Disabled
 Compressed Oops: Enabled (32-bit)
 Heap Region Size: 1M
 Heap Min Capacity: 8M
 Heap Initial Capacity: 112M
 Heap Max Capacity: 1776M
 Pre-touch: Disabled
 Parallel Workers: 8
 Concurrent Workers: 2
 Concurrent Refinement Workers: 8
 Periodic GC: Disabled
Heap:
 garbage-first heap   total 61440K, used 26001K [0x0000000091000000, 0x0000000100000000)
  region size 1024K, 5 young (5120K), 1 survivors (1024K)
 Metaspace       used 43759K, committed 44288K, reserved 1114112K
  class space    used 5762K, committed 6016K, reserved 1048576K
GC Heap History (18 events):
Event: 2.002 GC heap before
{Heap before GC invocations=0 (full 0):
 garbage-first heap   total 114688K, used 24576K [0x0000000091000000, 0x0000000100000000)
  region size 1024K, 23 young (23552K), 0 survivors (0K)
 Metaspace       used 5105K, committed 5312K, reserved 1114112K
  class space    used 575K, committed 704K, reserved 1048576K
}
Event: 2.012 GC heap after
{Heap after GC invocations=1 (full 0):
 garbage-first heap   total 114688K, used 7719K [0x0000000091000000, 0x0000000100000000)
  region size 1024K, 3 young (3072K), 3 survivors (3072K)
 Metaspace       used 5105K, committed 5312K, reserved 1114112K
  class space    used 575K, committed 704K, reserved 1048576K
}
Event: 4.138 GC heap before
{Heap before GC invocations=1 (full 0):
 garbage-first heap   total 114688K, used 36391K [0x0000000091000000, 0x0000000100000000)
  region size 1024K, 32 young (32768K), 3 survivors (3072K)
 Metaspace       used 12650K, committed 13056K, reserved 1114112K
  class space    used 1610K, committed 1792K, reserved 1048576K
}
Event: 4.149 GC heap after
{Heap after GC invocations=2 (full 0):
 garbage-first heap   total 114688K, used 10322K [0x0000000091000000, 0x0000000100000000)
  region size 1024K, 3 young (3072K), 3 survivors (3072K)
 Metaspace       used 12650K, committed 13056K, reserved 1114112K
  class space    used 1610K, committed 1792K, reserved 1048576K
}
Event: 6.334 GC heap before
{Heap before GC invocations=2 (full 0):
 garbage-first heap   total 114688K, used 55378K [0x0000000091000000, 0x0000000100000000)
  region size 1024K, 49 young (50176K), 3 survivors (3072K)
 Metaspace       used 21163K, committed 21504K, reserved 1114112K
  class space    used 2645K, committed 2816K, reserved 1048576K
}
Event: 6.343 GC heap after
{Heap after GC invocations=3 (full 0):
 garbage-first heap   total 114688K, used 14166K [0x0000000091000000, 0x0000000100000000)
  region size 1024K, 7 young (7168K), 7 survivors (7168K)
 Metaspace       used 21163K, committed 21504K, reserved 1114112K
  class space    used 2645K, committed 2816K, reserved 1048576K
}
Event: 8.468 GC heap before
{Heap before GC invocations=4 (full 0):
 garbage-first heap   total 61440K, used 42838K [0x0000000091000000, 0x0000000100000000)
  region size 1024K, 36 young (36864K), 7 survivors (7168K)
 Metaspace       used 25655K, committed 25984K, reserved 1114112K
  class space    used 3256K, committed 3392K, reserved 1048576K
}
Event: 8.480 GC heap after
{Heap after GC invocations=5 (full 0):
 garbage-first heap   total 61440K, used 16720K [0x0000000091000000, 0x0000000100000000)
  region size 1024K, 4 young (4096K), 4 survivors (4096K)
 Metaspace       used 25655K, committed 25984K, reserved 1114112K
  class space    used 3256K, committed 3392K, reserved 1048576K
}
Event: 8.556 GC heap before
{Heap before GC invocations=5 (full 0):
 garbage-first heap   total 61440K, used 17744K [0x0000000091000000, 0x0000000100000000)
  region size 1024K, 5 young (5120K), 4 survivors (4096K)
 Metaspace       used 25757K, committed 26112K, reserved 1114112K
  class space    used 3267K, committed 3392K, reserved 1048576K
}
Event: 8.564 GC heap after
{Heap after GC invocations=6 (full 0):
 garbage-first heap   total 61440K, used 17061K [0x0000000091000000, 0x0000000100000000)
  region size 1024K, 1 young (1024K), 1 survivors (1024K)
 Metaspace       used 25757K, committed 26112K, reserved 1114112K
  class space    used 3267K, committed 3392K, reserved 1048576K
}
Event: 10.480 GC heap before
{Heap before GC invocations=6 (full 0):
 garbage-first heap   total 61440K, used 42661K [0x0000000091000000, 0x0000000100000000)
  region size 1024K, 27 young (27648K), 1 survivors (1024K)
 Metaspace       used 31239K, committed 31680K, reserved 1114112K
  class space    used 4006K, committed 4224K, reserved 1048576K
}
Event: 10.486 GC heap after
{Heap after GC invocations=7 (full 0):
 garbage-first heap   total 61440K, used 19485K [0x0000000091000000, 0x0000000100000000)
  region size 1024K, 4 young (4096K), 4 survivors (4096K)
 Metaspace       used 31239K, committed 31680K, reserved 1114112K
  class space    used 4006K, committed 4224K, reserved 1048576K
}
Event: 12.229 GC heap before
{Heap before GC invocations=7 (full 0):
 garbage-first heap   total 61440K, used 43037K [0x0000000091000000, 0x0000000100000000)
  region size 1024K, 28 young (28672K), 4 survivors (4096K)
 Metaspace       used 35824K, committed 36288K, reserved 1114112K
  class space    used 4590K, committed 4800K, reserved 1048576K
}
Event: 12.243 GC heap after
{Heap after GC invocations=8 (full 0):
 garbage-first heap   total 61440K, used 21156K [0x0000000091000000, 0x0000000100000000)
  region size 1024K, 2 young (2048K), 2 survivors (2048K)
 Metaspace       used 35824K, committed 36288K, reserved 1114112K
  class space    used 4590K, committed 4800K, reserved 1048576K
}
Event: 14.495 GC heap before
{Heap before GC invocations=9 (full 0):
 garbage-first heap   total 61440K, used 44708K [0x0000000091000000, 0x0000000100000000)
  region size 1024K, 26 young (26624K), 2 survivors (2048K)
 Metaspace       used 42827K, committed 43328K, reserved 1114112K
  class space    used 5606K, committed 5824K, reserved 1048576K
}
Event: 14.503 GC heap after
{Heap after GC invocations=10 (full 0):
 garbage-first heap   total 61440K, used 22770K [0x0000000091000000, 0x0000000100000000)
  region size 1024K, 4 young (4096K), 4 survivors (4096K)
 Metaspace       used 42827K, committed 43328K, reserved 1114112K
  class space    used 5606K, committed 5824K, reserved 1048576K
}
Event: 14.577 GC heap before
{Heap before GC invocations=10 (full 0):
 garbage-first heap   total 61440K, used 23794K [0x0000000091000000, 0x0000000100000000)
  region size 1024K, 5 young (5120K), 4 survivors (4096K)
 Metaspace       used 43037K, committed 43584K, reserved 1114112K
  class space    used 5636K, committed 5888K, reserved 1048576K
}
Event: 14.585 GC heap after
{Heap after GC invocations=11 (full 0):
 garbage-first heap   total 61440K, used 22929K [0x0000000091000000, 0x0000000100000000)
  region size 1024K, 1 young (1024K), 1 survivors (1024K)
 Metaspace       used 43037K, committed 43584K, reserved 1114112K
  class space    used 5636K, committed 5888K, reserved 1048576K
}

