# JRE version: Java(TM) SE Runtime Environment (18.0.2+9) (build 18.0.2+9-61)
# Java VM: Java HotSpot(TM) 64-Bit Server VM (18.0.2+9-61, mixed mode, sharing, tiered, compressed oops, compressed class ptrs, g1 gc, windows-amd64)
GC Precious Log:
 CardTable entry size: 512
 Card Set container configuration: InlinePtr #cards 5 size 8 Array Of Cards #cards 12 size 40 Howl #buckets 4 coarsen threshold 1843 Howl Bitmap #cards 512 size 80 coarsen threshold 460 Card regions per heap region 1 cards per card region 2048
 CPUs: 8 total, 8 available
 Memory: 7103M
 Large Page Support: Disabled
 NUMA Support: Disabled
 Compressed Oops: Enabled (32-bit)
 Heap Region Size: 1M
 Heap Min Capacity: 8M
 Heap Initial Capacity: 112M
 Heap Max Capacity: 1776M
 Pre-touch: Disabled
 Parallel Workers: 8
 Concurrent Workers: 2
 Concurrent Refinement Workers: 8
 Periodic GC: Disabled
Heap:
 garbage-first heap   total 51200K, used 25243K [0x0000000091000000, 0x0000000100000000)
  region size 1024K, 12 young (12288K), 2 survivors (2048K)
 Metaspace       used 29407K, committed 29824K, reserved 1114112K
  class space    used 3776K, committed 3968K, reserved 1048576K
GC Heap History (12 events):
Event: 2.826 GC heap before
{Heap before GC invocations=0 (full 0):
 garbage-first heap   total 114688K, used 24576K [0x0000000091000000, 0x0000000100000000)
  region size 1024K, 23 young (23552K), 0 survivors (0K)
 Metaspace       used 5109K, committed 5312K, reserved 1114112K
  class space    used 575K, committed 704K, reserved 1048576K
}
Event: 2.880 GC heap after
{Heap after GC invocations=1 (full 0):
 garbage-first heap   total 114688K, used 7715K [0x0000000091000000, 0x0000000100000000)
  region size 1024K, 3 young (3072K), 3 survivors (3072K)
 Metaspace       used 5109K, committed 5312K, reserved 1114112K
  class space    used 575K, committed 704K, reserved 1048576K
}
Event: 4.792 GC heap before
{Heap before GC invocations=1 (full 0):
 garbage-first heap   total 114688K, used 36387K [0x0000000091000000, 0x0000000100000000)
  region size 1024K, 32 young (32768K), 3 survivors (3072K)
 Metaspace       used 12587K, committed 12928K, reserved 1114112K
  class space    used 1615K, committed 1792K, reserved 1048576K
}
Event: 4.804 GC heap after
{Heap after GC invocations=2 (full 0):
 garbage-first heap   total 114688K, used 10039K [0x0000000091000000, 0x0000000100000000)
  region size 1024K, 3 young (3072K), 3 survivors (3072K)
 Metaspace       used 12587K, committed 12928K, reserved 1114112K
  class space    used 1615K, committed 1792K, reserved 1048576K
}
Event: 6.333 GC heap before
{Heap before GC invocations=2 (full 0):
 garbage-first heap   total 114688K, used 49975K [0x0000000091000000, 0x0000000100000000)
  region size 1024K, 44 young (45056K), 3 survivors (3072K)
 Metaspace       used 21134K, committed 21504K, reserved 1114112K
  class space    used 2671K, committed 2880K, reserved 1048576K
}
Event: 6.341 GC heap after
{Heap after GC invocations=3 (full 0):
 garbage-first heap   total 114688K, used 13591K [0x0000000091000000, 0x0000000100000000)
  region size 1024K, 6 young (6144K), 6 survivors (6144K)
 Metaspace       used 21134K, committed 21504K, reserved 1114112K
  class space    used 2671K, committed 2880K, reserved 1048576K
}
Event: 7.854 GC heap before
{Heap before GC invocations=4 (full 0):
 garbage-first heap   total 51200K, used 38167K [0x0000000091000000, 0x0000000100000000)
  region size 1024K, 30 young (30720K), 6 survivors (6144K)
 Metaspace       used 24281K, committed 24576K, reserved 1114112K
  class space    used 3073K, committed 3200K, reserved 1048576K
}
Event: 7.868 GC heap after
{Heap after GC invocations=5 (full 0):
 garbage-first heap   total 51200K, used 15679K [0x0000000091000000, 0x0000000100000000)
  region size 1024K, 3 young (3072K), 3 survivors (3072K)
 Metaspace       used 24281K, committed 24576K, reserved 1114112K
  class space    used 3073K, committed 3200K, reserved 1048576K
}
Event: 7.941 GC heap before
{Heap before GC invocations=5 (full 0):
 garbage-first heap   total 51200K, used 16703K [0x0000000091000000, 0x0000000100000000)
  region size 1024K, 4 young (4096K), 3 survivors (3072K)
 Metaspace       used 24400K, committed 24768K, reserved 1114112K
  class space    used 3088K, committed 3264K, reserved 1048576K
}
Event: 7.948 GC heap after
{Heap after GC invocations=6 (full 0):
 garbage-first heap   total 51200K, used 16097K [0x0000000091000000, 0x0000000100000000)
  region size 1024K, 1 young (1024K), 1 survivors (1024K)
 Metaspace       used 24400K, committed 24768K, reserved 1114112K
  class space    used 3088K, committed 3264K, reserved 1048576K
}
Event: 9.703 GC heap before
{Heap before GC invocations=6 (full 0):
 garbage-first heap   total 51200K, used 34529K [0x0000000091000000, 0x0000000100000000)
  region size 1024K, 20 young (20480K), 1 survivors (1024K)
 Metaspace       used 27293K, committed 27712K, reserved 1114112K
  class space    used 3456K, committed 3648K, reserved 1048576K
}
Event: 9.708 GC heap after
{Heap after GC invocations=7 (full 0):
 garbage-first heap   total 51200K, used 17051K [0x0000000091000000, 0x0000000100000000)
  region size 1024K, 2 young (2048K), 2 survivors (2048K)
 Metaspace       used 27293K, committed 27712K, reserved 1114112K
  class space    used 3456K, committed 3648K, reserved 1048576K
}

